<?xml version="1.0" encoding="UTF-8"?>
<!-- Generated by org.testng.reporters.JUnitReportReporter -->
<testsuite name="newConcepts.AddExtensions" tests="1" time="5.873" ignored="0" failures="0" timestamp="16 Jun 2020 22:32:55 GMT" skipped="0" hostname="harshit" errors="0">
  <testcase name="addExtentions" time="5.873" classname="newConcepts.AddExtensions"/>
</testsuite> <!-- newConcepts.AddExtensions -->
