<?xml version="1.0" encoding="UTF-8"?>
<!-- Generated by org.testng.reporters.JUnitReportReporter -->
<testsuite name="newConcepts.KillUnusedWindowProcesses" tests="1" time="0.255" ignored="0" failures="0" timestamp="16 Jun 2020 22:04:27 GMT" skipped="0" hostname="harshit" errors="0">
  <testcase name="killUnusedWindowProcesses" time="0.255" classname="newConcepts.KillUnusedWindowProcesses"/>
</testsuite> <!-- newConcepts.KillUnusedWindowProcesses -->
