<?xml version="1.0" encoding="UTF-8"?>
<!-- Generated by org.testng.reporters.JUnitReportReporter -->
<testsuite name="newConcepts.BootstrapDropDown" tests="1" time="21.337" ignored="0" failures="0" timestamp="18 Jun 2020 07:57:48 GMT" skipped="0" hostname="harshit" errors="0">
  <testcase name="bootstrapDropdown" time="21.337" classname="newConcepts.BootstrapDropDown"/>
</testsuite> <!-- newConcepts.BootstrapDropDown -->
