<?xml version="1.0" encoding="UTF-8"?>
<!-- Generated by org.testng.reporters.JUnitReportReporter -->
<testsuite name="newConcepts.WebPushNotifications" tests="1" time="14.220" ignored="0" failures="0" timestamp="16 Jun 2020 22:44:44 GMT" skipped="0" hostname="harshit" errors="0">
  <testcase name="webPushNotifications" time="14.220" classname="newConcepts.WebPushNotifications"/>
</testsuite> <!-- newConcepts.WebPushNotifications -->
