<?xml version="1.0" encoding="UTF-8"?>
<!-- Generated by org.testng.reporters.JUnitReportReporter -->
<testsuite name="newConcepts.RemoveWarningMessage" tests="1" time="3.167" ignored="0" failures="0" timestamp="16 Jun 2020 20:53:00 GMT" skipped="0" hostname="harshit" errors="0">
  <testcase name="removeWarningMessaege" time="3.167" classname="newConcepts.RemoveWarningMessage"/>
</testsuite> <!-- newConcepts.RemoveWarningMessage -->
