<?xml version="1.0" encoding="UTF-8"?>
<!-- Generated by org.testng.reporters.JUnitReportReporter -->
<testsuite name="newConcepts.PageLoadTimeout" tests="1" time="6.990" ignored="0" failures="0" timestamp="16 Jun 2020 21:57:04 GMT" skipped="0" hostname="harshit" errors="0">
  <testcase name="pageLoadTimeout" time="6.990" classname="newConcepts.PageLoadTimeout"/>
</testsuite> <!-- newConcepts.PageLoadTimeout -->
